{"uid":"698cdd18c439d466","name":"Validate Council Output [ChorleyCouncil-http://selenium:4444-local]","fullName":"features/validate_council_outputs.feature:Validate Council Output","historyId":"ed74199c9ea43545b9cf5dbfc1c6d655","time":{"start":1705367642961,"stop":1705367669388,"duration":26427},"status":"failed","statusMessage":"selenium.common.exceptions.TimeoutException: Message: \nStacktrace:\n#0 0x55d1e4deff83 <unknown>\n#1 0x55d1e4aa8cf7 <unknown>\n#2 0x55d1e4af899e <unknown>\n#3 0x55d1e4af8aa1 <unknown>\n#4 0x55d1e4b43d64 <unknown>\n#5 0x55d1e4b220dd <unknown>\n#6 0x55d1e4b41006 <unknown>\n#7 0x55d1e4b21e53 <unknown>\n#8 0x55d1e4ae9dd4 <unknown>\n#9 0x55d1e4aeb1de <unknown>\n#10 0x55d1e4db4531 <unknown>\n#11 0x55d1e4db8455 <unknown>\n#12 0x55d1e4da0f55 <unknown>\n#13 0x55d1e4db90ef <unknown>\n#14 0x55d1e4d8499f <unknown>\n#15 0x55d1e4ddd008 <unknown>\n#16 0x55d1e4ddd1d7 <unknown>\n#17 0x55d1e4def124 <unknown>\n#18 0x7f980dc94ac3 <unknown>","statusTrace":"fixturefunc = <function scrape_step at 0x7f403f6c87c0>\nrequest = <FixtureRequest for <Function test_scenario_outline[ChorleyCouncil-http://selenium:4444-local]>>\nkwargs = {'context': <test_validate_council.context.<locals>.Context object at 0x7f403ecf6510>, 'council': 'ChorleyCouncil', 'selenium_mode': 'local', 'selenium_url': 'http://selenium:4444'}\n\n    def call_fixture_func(\n        fixturefunc: \"_FixtureFunc[FixtureValue]\", request: FixtureRequest, kwargs\n    ) -> FixtureValue:\n        if is_generator(fixturefunc):\n            fixturefunc = cast(\n                Callable[..., Generator[FixtureValue, None, None]], fixturefunc\n            )\n            generator = fixturefunc(**kwargs)\n            try:\n                fixture_result = next(generator)\n            except StopIteration:\n                raise ValueError(f\"{request.fixturename} did not yield a value\") from None\n            finalizer = functools.partial(_teardown_yield_fixture, fixturefunc, generator)\n            request.addfinalizer(finalizer)\n        else:\n            fixturefunc = cast(Callable[..., FixtureValue], fixturefunc)\n>           fixture_result = fixturefunc(**kwargs)\n\n../../../.cache/pypoetry/virtualenvs/uk-bin-collection-EwS6Gn8s-py3.11/lib/python3.11/site-packages/_pytest/fixtures.py:902: \n_ _ _ _ _ _ _ _ _ _ _ _ _ _ _ _ _ _ _ _ _ _ _ _ _ _ _ _ _ _ _ _ _ _ _ _ _ _ _ _ \nuk_bin_collection/tests/step_defs/test_validate_council.py:92: in scrape_step\n    context.parse_result = CollectData.run()\nuk_bin_collection/uk_bin_collection/collect_data.py:96: in run\n    return self.client_code(\nuk_bin_collection/uk_bin_collection/collect_data.py:115: in client_code\n    return get_bin_data_class.template_method(address_url, **kwargs)\nuk_bin_collection/uk_bin_collection/get_bin_data.py:78: in template_method\n    bin_data_dict = self.parse_data(\nuk_bin_collection/uk_bin_collection/councils/ChorleyCouncil.py:74: in parse_data\n    dropdown = WebDriverWait(driver, 10).until(\n_ _ _ _ _ _ _ _ _ _ _ _ _ _ _ _ _ _ _ _ _ _ _ _ _ _ _ _ _ _ _ _ _ _ _ _ _ _ _ _ \n\nself = <selenium.webdriver.support.wait.WebDriverWait (session=\"8fe379baf910cd7efa9daeeb6994bd82\")>\nmethod = <function presence_of_element_located.<locals>._predicate at 0x7f403eb902c0>\nmessage = ''\n\n    def until(self, method, message: str = \"\"):\n        \"\"\"Calls the method provided with the driver as an argument until the \\\n        return value does not evaluate to ``False``.\n    \n        :param method: callable(WebDriver)\n        :param message: optional message for :exc:`TimeoutException`\n        :returns: the result of the last call to `method`\n        :raises: :exc:`selenium.common.exceptions.TimeoutException` if timeout occurs\n        \"\"\"\n        screen = None\n        stacktrace = None\n    \n        end_time = time.monotonic() + self._timeout\n        while True:\n            try:\n                value = method(self._driver)\n                if value:\n                    return value\n            except self._ignored_exceptions as exc:\n                screen = getattr(exc, \"screen\", None)\n                stacktrace = getattr(exc, \"stacktrace\", None)\n            time.sleep(self._poll)\n            if time.monotonic() > end_time:\n                break\n>       raise TimeoutException(message, screen, stacktrace)\nE       selenium.common.exceptions.TimeoutException: Message: \nE       Stacktrace:\nE       #0 0x55d1e4deff83 <unknown>\nE       #1 0x55d1e4aa8cf7 <unknown>\nE       #2 0x55d1e4af899e <unknown>\nE       #3 0x55d1e4af8aa1 <unknown>\nE       #4 0x55d1e4b43d64 <unknown>\nE       #5 0x55d1e4b220dd <unknown>\nE       #6 0x55d1e4b41006 <unknown>\nE       #7 0x55d1e4b21e53 <unknown>\nE       #8 0x55d1e4ae9dd4 <unknown>\nE       #9 0x55d1e4aeb1de <unknown>\nE       #10 0x55d1e4db4531 <unknown>\nE       #11 0x55d1e4db8455 <unknown>\nE       #12 0x55d1e4da0f55 <unknown>\nE       #13 0x55d1e4db90ef <unknown>\nE       #14 0x55d1e4d8499f <unknown>\nE       #15 0x55d1e4ddd008 <unknown>\nE       #16 0x55d1e4ddd1d7 <unknown>\nE       #17 0x55d1e4def124 <unknown>\nE       #18 0x7f980dc94ac3 <unknown>\n\n../../../.cache/pypoetry/virtualenvs/uk-bin-collection-EwS6Gn8s-py3.11/lib/python3.11/site-packages/selenium/webdriver/support/wait.py:95: TimeoutException","flaky":false,"newFailed":true,"newBroken":false,"newPassed":false,"retriesCount":0,"retriesStatusChange":false,"beforeStages":[],"testStage":{"status":"failed","statusMessage":"selenium.common.exceptions.TimeoutException: Message: \nStacktrace:\n#0 0x55d1e4deff83 <unknown>\n#1 0x55d1e4aa8cf7 <unknown>\n#2 0x55d1e4af899e <unknown>\n#3 0x55d1e4af8aa1 <unknown>\n#4 0x55d1e4b43d64 <unknown>\n#5 0x55d1e4b220dd <unknown>\n#6 0x55d1e4b41006 <unknown>\n#7 0x55d1e4b21e53 <unknown>\n#8 0x55d1e4ae9dd4 <unknown>\n#9 0x55d1e4aeb1de <unknown>\n#10 0x55d1e4db4531 <unknown>\n#11 0x55d1e4db8455 <unknown>\n#12 0x55d1e4da0f55 <unknown>\n#13 0x55d1e4db90ef <unknown>\n#14 0x55d1e4d8499f <unknown>\n#15 0x55d1e4ddd008 <unknown>\n#16 0x55d1e4ddd1d7 <unknown>\n#17 0x55d1e4def124 <unknown>\n#18 0x7f980dc94ac3 <unknown>","statusTrace":"fixturefunc = <function scrape_step at 0x7f403f6c87c0>\nrequest = <FixtureRequest for <Function test_scenario_outline[ChorleyCouncil-http://selenium:4444-local]>>\nkwargs = {'context': <test_validate_council.context.<locals>.Context object at 0x7f403ecf6510>, 'council': 'ChorleyCouncil', 'selenium_mode': 'local', 'selenium_url': 'http://selenium:4444'}\n\n    def call_fixture_func(\n        fixturefunc: \"_FixtureFunc[FixtureValue]\", request: FixtureRequest, kwargs\n    ) -> FixtureValue:\n        if is_generator(fixturefunc):\n            fixturefunc = cast(\n                Callable[..., Generator[FixtureValue, None, None]], fixturefunc\n            )\n            generator = fixturefunc(**kwargs)\n            try:\n                fixture_result = next(generator)\n            except StopIteration:\n                raise ValueError(f\"{request.fixturename} did not yield a value\") from None\n            finalizer = functools.partial(_teardown_yield_fixture, fixturefunc, generator)\n            request.addfinalizer(finalizer)\n        else:\n            fixturefunc = cast(Callable[..., FixtureValue], fixturefunc)\n>           fixture_result = fixturefunc(**kwargs)\n\n../../../.cache/pypoetry/virtualenvs/uk-bin-collection-EwS6Gn8s-py3.11/lib/python3.11/site-packages/_pytest/fixtures.py:902: \n_ _ _ _ _ _ _ _ _ _ _ _ _ _ _ _ _ _ _ _ _ _ _ _ _ _ _ _ _ _ _ _ _ _ _ _ _ _ _ _ \nuk_bin_collection/tests/step_defs/test_validate_council.py:92: in scrape_step\n    context.parse_result = CollectData.run()\nuk_bin_collection/uk_bin_collection/collect_data.py:96: in run\n    return self.client_code(\nuk_bin_collection/uk_bin_collection/collect_data.py:115: in client_code\n    return get_bin_data_class.template_method(address_url, **kwargs)\nuk_bin_collection/uk_bin_collection/get_bin_data.py:78: in template_method\n    bin_data_dict = self.parse_data(\nuk_bin_collection/uk_bin_collection/councils/ChorleyCouncil.py:74: in parse_data\n    dropdown = WebDriverWait(driver, 10).until(\n_ _ _ _ _ _ _ _ _ _ _ _ _ _ _ _ _ _ _ _ _ _ _ _ _ _ _ _ _ _ _ _ _ _ _ _ _ _ _ _ \n\nself = <selenium.webdriver.support.wait.WebDriverWait (session=\"8fe379baf910cd7efa9daeeb6994bd82\")>\nmethod = <function presence_of_element_located.<locals>._predicate at 0x7f403eb902c0>\nmessage = ''\n\n    def until(self, method, message: str = \"\"):\n        \"\"\"Calls the method provided with the driver as an argument until the \\\n        return value does not evaluate to ``False``.\n    \n        :param method: callable(WebDriver)\n        :param message: optional message for :exc:`TimeoutException`\n        :returns: the result of the last call to `method`\n        :raises: :exc:`selenium.common.exceptions.TimeoutException` if timeout occurs\n        \"\"\"\n        screen = None\n        stacktrace = None\n    \n        end_time = time.monotonic() + self._timeout\n        while True:\n            try:\n                value = method(self._driver)\n                if value:\n                    return value\n            except self._ignored_exceptions as exc:\n                screen = getattr(exc, \"screen\", None)\n                stacktrace = getattr(exc, \"stacktrace\", None)\n            time.sleep(self._poll)\n            if time.monotonic() > end_time:\n                break\n>       raise TimeoutException(message, screen, stacktrace)\nE       selenium.common.exceptions.TimeoutException: Message: \nE       Stacktrace:\nE       #0 0x55d1e4deff83 <unknown>\nE       #1 0x55d1e4aa8cf7 <unknown>\nE       #2 0x55d1e4af899e <unknown>\nE       #3 0x55d1e4af8aa1 <unknown>\nE       #4 0x55d1e4b43d64 <unknown>\nE       #5 0x55d1e4b220dd <unknown>\nE       #6 0x55d1e4b41006 <unknown>\nE       #7 0x55d1e4b21e53 <unknown>\nE       #8 0x55d1e4ae9dd4 <unknown>\nE       #9 0x55d1e4aeb1de <unknown>\nE       #10 0x55d1e4db4531 <unknown>\nE       #11 0x55d1e4db8455 <unknown>\nE       #12 0x55d1e4da0f55 <unknown>\nE       #13 0x55d1e4db90ef <unknown>\nE       #14 0x55d1e4d8499f <unknown>\nE       #15 0x55d1e4ddd008 <unknown>\nE       #16 0x55d1e4ddd1d7 <unknown>\nE       #17 0x55d1e4def124 <unknown>\nE       #18 0x7f980dc94ac3 <unknown>\n\n../../../.cache/pypoetry/virtualenvs/uk-bin-collection-EwS6Gn8s-py3.11/lib/python3.11/site-packages/selenium/webdriver/support/wait.py:95: TimeoutException","steps":[{"name":"Given the council: ChorleyCouncil","time":{"start":1705367642961,"stop":1705367642962,"duration":1},"status":"passed","steps":[],"attachments":[],"parameters":[],"shouldDisplayMessage":false,"stepsCount":0,"attachmentsCount":0,"hasContent":false,"attachmentStep":false},{"name":"When we scrape the data from ChorleyCouncil using local and the http://selenium:4444 is set","time":{"start":1705367642962,"stop":1705367669388,"duration":26426},"status":"failed","statusMessage":"Message: \nStacktrace:\n#0 0x55d1e4deff83 <unknown>\n#1 0x55d1e4aa8cf7 <unknown>\n#2 0x55d1e4af899e <unknown>\n#3 0x55d1e4af8aa1 <unknown>\n#4 0x55d1e4b43d64 <unknown>\n#5 0x55d1e4b220dd <unknown>\n#6 0x55d1e4b41006 <unknown>\n#7 0x55d1e4b21e53 <unknown>\n#8 0x55d1e4ae9dd4 <unknown>\n#9 0x55d1e4aeb1de <unknown>\n#10 0x55d1e4db4531 <unknown>\n#11 0x55d1e4db8455 <unknown>\n#12 0x55d1e4da0f55 <unknown>\n#13 0x55d1e4db90ef <unknown>\n#14 0x55d1e4d8499f <unknown>\n#15 0x55d1e4ddd008 <unknown>\n#16 0x55d1e4ddd1d7 <unknown>\n#17 0x55d1e4def124 <unknown>\n#18 0x7f980dc94ac3 <unknown>\n","statusTrace":"selenium.common.exceptions.TimeoutException: Message: \nStacktrace:\n#0 0x55d1e4deff83 <unknown>\n#1 0x55d1e4aa8cf7 <unknown>\n#2 0x55d1e4af899e <unknown>\n#3 0x55d1e4af8aa1 <unknown>\n#4 0x55d1e4b43d64 <unknown>\n#5 0x55d1e4b220dd <unknown>\n#6 0x55d1e4b41006 <unknown>\n#7 0x55d1e4b21e53 <unknown>\n#8 0x55d1e4ae9dd4 <unknown>\n#9 0x55d1e4aeb1de <unknown>\n#10 0x55d1e4db4531 <unknown>\n#11 0x55d1e4db8455 <unknown>\n#12 0x55d1e4da0f55 <unknown>\n#13 0x55d1e4db90ef <unknown>\n#14 0x55d1e4d8499f <unknown>\n#15 0x55d1e4ddd008 <unknown>\n#16 0x55d1e4ddd1d7 <unknown>\n#17 0x55d1e4def124 <unknown>\n#18 0x7f980dc94ac3 <unknown>\n\n","steps":[],"attachments":[],"parameters":[],"shouldDisplayMessage":true,"stepsCount":0,"attachmentsCount":0,"hasContent":true,"attachmentStep":false}],"attachments":[],"parameters":[],"shouldDisplayMessage":true,"stepsCount":2,"attachmentsCount":0,"hasContent":true,"attachmentStep":false},"afterStages":[],"labels":[{"name":"host","value":"fv-az1269-131"},{"name":"thread","value":"2734-MainThread"},{"name":"framework","value":"pytest-bdd"},{"name":"language","value":"cpython3"},{"name":"feature","value":"Test each council output matches expected results"},{"name":"resultFormat","value":"allure2"}],"parameters":[{"name":"council","value":"ChorleyCouncil"},{"name":"selenium_mode","value":"local"},{"name":"selenium_url","value":"http://selenium:4444"}],"links":[],"hidden":false,"retry":false,"extra":{"severity":"normal","retries":[],"categories":[{"name":"Product defects","matchedStatuses":[],"flaky":false}],"history":{"statistic":{"failed":1,"broken":0,"skipped":0,"passed":4,"unknown":0,"total":5},"items":[{"uid":"3d397348175eea6d","reportUrl":"https://sammort.github.io/UKBinCollectionData/3.11/5//#testresult/3d397348175eea6d","status":"passed","time":{"start":1705281373838,"stop":1705281380117,"duration":6279}},{"uid":"564bdc1784a178e","reportUrl":"https://sammort.github.io/UKBinCollectionData/3.11/4//#testresult/564bdc1784a178e","status":"passed","time":{"start":1705195157463,"stop":1705195178118,"duration":20655}},{"uid":"221926f25692c908","reportUrl":"https://sammort.github.io/UKBinCollectionData/3.11/3//#testresult/221926f25692c908","status":"passed","time":{"start":1705108426363,"stop":1705108432975,"duration":6612}},{"uid":"fc6404ac945d93e9","reportUrl":"https://sammort.github.io/UKBinCollectionData/3.11/2//#testresult/fc6404ac945d93e9","status":"passed","time":{"start":1705022076778,"stop":1705022085176,"duration":8398}}]},"tags":[]},"source":"698cdd18c439d466.json","parameterValues":["ChorleyCouncil","local","http://selenium:4444"]}